c:\users\felix\onedrive\documents\visual studio 2017\projects\degraf_2\degraf_2\x64\debug\degraf_2.pch
c:\users\felix\onedrive\documents\visual studio 2017\projects\degraf_2\degraf_2\x64\debug\vc141.pdb
c:\users\felix\onedrive\documents\visual studio 2017\projects\degraf_2\degraf_2\x64\debug\vc141.idb
c:\users\felix\onedrive\documents\visual studio 2017\projects\degraf_2\degraf_2\x64\debug\stdafx.obj
c:\users\felix\onedrive\documents\visual studio 2017\projects\degraf_2\degraf_2\x64\debug\colourmap.obj
c:\users\felix\onedrive\documents\visual studio 2017\projects\degraf_2\degraf_2\x64\debug\degraf_2.obj
c:\users\felix\onedrive\documents\visual studio 2017\projects\degraf_2\degraf_2\x64\debug\displayer.obj
c:\users\felix\onedrive\documents\visual studio 2017\projects\degraf_2\degraf_2\x64\debug\evaluateoptflow.obj
c:\users\felix\onedrive\documents\visual studio 2017\projects\degraf_2\degraf_2\x64\debug\featuretracker.obj
c:\users\felix\onedrive\documents\visual studio 2017\projects\degraf_2\degraf_2\x64\debug\featurematcher.obj
c:\users\felix\onedrive\documents\visual studio 2017\projects\degraf_2\degraf_2\x64\debug\gradientdetector.obj
c:\users\felix\onedrive\documents\visual studio 2017\projects\degraf_2\degraf_2\x64\debug\gradientflow.obj
c:\users\felix\onedrive\documents\visual studio 2017\projects\degraf_2\degraf_2\x64\debug\imagearray.obj
c:\users\felix\onedrive\documents\visual studio 2017\projects\degraf_2\degraf_2\x64\debug\imagepyramid.obj
c:\users\felix\onedrive\documents\visual studio 2017\projects\degraf_2\degraf_2\x64\debug\kittieval.obj
c:\users\felix\onedrive\documents\visual studio 2017\projects\degraf_2\degraf_2\x64\debug\saliencydetector.obj
c:\users\felix\onedrive\documents\visual studio 2017\projects\degraf_2\degraf_2\x64\debug\standardflow.obj
c:\users\felix\onedrive\documents\visual studio 2017\projects\degraf_2\degraf_2\x64\debug\odometry.obj
c:\users\felix\onedrive\documents\visual studio 2017\projects\degraf_2\x64\debug\degraf_2.ilk
c:\users\felix\onedrive\documents\visual studio 2017\projects\degraf_2\x64\debug\degraf_2.exe
c:\users\felix\onedrive\documents\visual studio 2017\projects\degraf_2\x64\debug\degraf_2.pdb
c:\users\felix\onedrive\documents\visual studio 2017\projects\degraf_2\degraf_2\x64\debug\degraf_2.tlog\cl.command.1.tlog
c:\users\felix\onedrive\documents\visual studio 2017\projects\degraf_2\degraf_2\x64\debug\degraf_2.tlog\cl.read.1.tlog
c:\users\felix\onedrive\documents\visual studio 2017\projects\degraf_2\degraf_2\x64\debug\degraf_2.tlog\cl.write.1.tlog
c:\users\felix\onedrive\documents\visual studio 2017\projects\degraf_2\degraf_2\x64\debug\degraf_2.tlog\link.command.1.tlog
c:\users\felix\onedrive\documents\visual studio 2017\projects\degraf_2\degraf_2\x64\debug\degraf_2.tlog\link.read.1.tlog
c:\users\felix\onedrive\documents\visual studio 2017\projects\degraf_2\degraf_2\x64\debug\degraf_2.tlog\link.write.1.tlog
